2018-08-01 21:57:17 INFO  Main:9 - App started.
2018-08-01 21:57:25 INFO  LibraryActivities:327 - Exit from the program.
2018-08-01 21:58:21 INFO  Main:9 - App started.
2018-08-01 21:58:22 INFO  LibraryActivities:389 - Reading from file successfully.
2018-08-01 21:58:25 INFO  LibraryActivities:378 - Collection has been written into file successfully.
2018-08-01 21:58:25 INFO  LibraryActivities:26 - Book created successfully.
2018-08-01 22:11:46 INFO  Main:9 - App started.
2018-08-01 22:11:48 INFO  LibraryActivities:398 - Reading from file successfully.
2018-08-01 22:11:56 INFO  LibraryActivities:387 - Collection has been written into file successfully.
2018-08-01 22:11:56 INFO  LibraryActivities:27 - Book created successfully.
2018-08-01 22:11:58 INFO  LibraryActivities:398 - Reading from file successfully.
2018-08-01 22:17:29 INFO  Main:9 - App started.
2018-08-01 22:17:32 INFO  LibraryActivities:403 - Reading from file successfully.
2018-08-01 22:17:38 INFO  LibraryActivities:392 - Collection has been written into file successfully.
2018-08-01 22:17:38 INFO  LibraryActivities:27 - Book created successfully.
2018-08-01 22:17:40 INFO  LibraryActivities:403 - Reading from file successfully.
2018-08-01 22:18:08 INFO  Main:9 - App started.
2018-08-01 22:18:12 INFO  LibraryActivities:403 - Reading from file successfully.
2018-08-01 22:18:12 INFO  LibraryActivities:214 - Printed all books.
2018-08-01 22:18:14 INFO  LibraryActivities:403 - Reading from file successfully.
2018-08-01 22:20:41 INFO  LibraryActivities:403 - Reading from file successfully.
2018-08-01 22:20:49 INFO  LibraryActivities:299 - No book has found during editing of the book.
2018-08-01 22:20:49 INFO  LibraryActivities:392 - Collection has been written into file successfully.
2018-08-01 22:20:50 INFO  LibraryActivities:341 - Exit from the program.
2018-08-01 22:21:40 INFO  Main:9 - App started.
2018-08-01 22:21:49 INFO  LibraryActivities:403 - Reading from file successfully.
2018-08-01 22:21:49 INFO  LibraryActivities:214 - Printed all books.
2018-08-01 22:21:56 INFO  LibraryActivities:403 - Reading from file successfully.
2018-08-01 22:22:18 INFO  Main:9 - App started.
2018-08-01 22:22:22 INFO  LibraryActivities:403 - Reading from file successfully.
2018-08-01 22:22:22 INFO  LibraryActivities:214 - Printed all books.
2018-08-01 22:22:24 INFO  LibraryActivities:403 - Reading from file successfully.
2018-08-01 22:23:31 INFO  Main:9 - App started.
2018-08-01 22:23:35 INFO  LibraryActivities:403 - Reading from file successfully.
2018-08-01 22:23:35 INFO  LibraryActivities:214 - Printed all books.
2018-08-01 22:23:36 INFO  LibraryActivities:403 - Reading from file successfully.
2018-08-01 22:24:13 INFO  Main:9 - App started.
2018-08-01 22:24:16 INFO  LibraryActivities:403 - Reading from file successfully.
2018-08-01 22:24:16 INFO  LibraryActivities:214 - Printed all books.
2018-08-01 22:24:17 INFO  LibraryActivities:403 - Reading from file successfully.
2018-08-01 22:24:36 INFO  LibraryActivities:341 - Exit from the program.
2018-08-01 22:24:52 INFO  Main:9 - App started.
2018-08-01 22:24:55 INFO  LibraryActivities:403 - Reading from file successfully.
2018-08-01 22:24:55 INFO  LibraryActivities:214 - Printed all books.
2018-08-01 22:24:58 INFO  LibraryActivities:403 - Reading from file successfully.
2018-08-01 22:25:15 INFO  LibraryActivities:341 - Exit from the program.
2018-08-01 22:25:46 INFO  Main:9 - App started.
2018-08-01 22:25:48 INFO  LibraryActivities:403 - Reading from file successfully.
2018-08-01 22:25:48 INFO  LibraryActivities:214 - Printed all books.
2018-08-01 22:25:49 INFO  LibraryActivities:403 - Reading from file successfully.
2018-08-01 22:26:01 INFO  LibraryActivities:341 - Exit from the program.
2018-08-01 22:26:58 INFO  Main:9 - App started.
2018-08-01 22:26:59 INFO  LibraryActivities:402 - Reading from file successfully.
2018-08-01 22:28:13 INFO  Main:9 - App started.
2018-08-01 22:28:14 INFO  LibraryActivities:407 - Reading from file successfully.
2018-08-01 22:28:24 INFO  Main:9 - App started.
2018-08-01 22:28:27 INFO  LibraryActivities:407 - Reading from file successfully.
2018-08-01 22:29:56 INFO  Main:9 - App started.
2018-08-01 22:29:58 INFO  LibraryActivities:411 - Reading from file successfully.
2018-08-01 22:30:13 INFO  Main:9 - App started.
2018-08-01 22:30:16 INFO  LibraryActivities:411 - Reading from file successfully.
2018-08-01 22:31:10 INFO  Main:9 - App started.
2018-08-01 22:31:14 INFO  LibraryActivities:411 - Reading from file successfully.
2018-08-01 22:35:07 INFO  Main:9 - App started.
2018-08-01 22:35:12 INFO  LibraryActivities:411 - Reading from file successfully.
2018-08-01 22:37:02 INFO  Main:9 - App started.
2018-08-01 22:37:05 INFO  LibraryActivities:411 - Reading from file successfully.
2018-08-01 22:37:37 INFO  Main:9 - App started.
2018-08-01 22:37:38 INFO  LibraryActivities:411 - Reading from file successfully.
2018-08-01 22:37:59 INFO  Main:9 - App started.
2018-08-01 22:38:01 INFO  LibraryActivities:411 - Reading from file successfully.
2018-08-01 22:38:11 INFO  Main:9 - App started.
2018-08-01 22:38:29 INFO  LibraryActivities:411 - Reading from file successfully.
2018-08-01 22:38:44 INFO  Main:9 - App started.
2018-08-01 22:38:46 INFO  LibraryActivities:411 - Reading from file successfully.
2018-08-01 22:39:45 INFO  Main:9 - App started.
2018-08-01 22:39:48 INFO  LibraryActivities:411 - Reading from file successfully.
2018-08-01 22:39:49 INFO  LibraryActivities:334 - No book found.
2018-08-01 22:39:54 INFO  LibraryActivities:349 - Exit from the program.
2018-08-01 22:39:59 INFO  Main:9 - App started.
2018-08-01 22:40:01 INFO  LibraryActivities:411 - Reading from file successfully.
2018-08-01 22:40:57 INFO  Main:9 - App started.
2018-08-01 22:40:58 INFO  LibraryActivities:411 - Reading from file successfully.
2018-08-01 22:41:27 INFO  Main:9 - App started.
2018-08-01 22:41:36 INFO  LibraryActivities:411 - Reading from file successfully.
2018-08-01 22:43:11 INFO  Main:9 - App started.
2018-08-01 22:43:12 INFO  LibraryActivities:411 - Reading from file successfully.
2018-08-01 22:43:12 INFO  LibraryActivities:340 - Empty storage.
2018-08-01 22:43:29 INFO  Main:9 - App started.
2018-08-01 22:43:31 INFO  LibraryActivities:411 - Reading from file successfully.
2018-08-01 22:43:31 INFO  LibraryActivities:340 - Empty storage.
2018-08-01 22:43:47 INFO  Main:9 - App started.
2018-08-01 22:43:48 INFO  LibraryActivities:411 - Reading from file successfully.
2018-08-01 22:43:48 INFO  LibraryActivities:340 - Empty storage.
2018-08-01 22:44:00 INFO  Main:9 - App started.
2018-08-01 22:44:01 INFO  LibraryActivities:411 - Reading from file successfully.
2018-08-01 22:44:03 INFO  LibraryActivities:334 - No book found.
2018-08-01 22:44:18 INFO  LibraryActivities:349 - Exit from the program.
2018-08-01 22:44:21 INFO  Main:9 - App started.
2018-08-01 22:44:22 INFO  LibraryActivities:411 - Reading from file successfully.
2018-08-01 22:44:30 INFO  LibraryActivities:349 - Exit from the program.
2018-08-01 22:45:09 INFO  Main:9 - App started.
2018-08-01 22:45:10 INFO  LibraryActivities:412 - Reading from file successfully.
2018-08-01 22:45:35 INFO  Main:9 - App started.
2018-08-01 22:45:37 INFO  LibraryActivities:411 - Reading from file successfully.
2018-08-01 22:46:12 INFO  Main:9 - App started.
2018-08-01 22:46:13 INFO  LibraryActivities:411 - Reading from file successfully.
2018-08-01 22:46:13 INFO  LibraryActivities:340 - Empty storage.
